<?xml version="1.0" encoding="UTF-8"?>
<!-- Generated by org.testng.reporters.JUnitReportReporter -->
<testsuite hostname="DESKTOP-BOBJL25" failures="0" tests="1" name="harishsample.Harish1" time="35.430" errors="0" timestamp="2024-12-13T08:45:38 IST" skipped="0">
  <testcase classname="harishsample.Harish1" name="test" time="35.430"/>
</testsuite> <!-- harishsample.Harish1 -->
